This is pdfTeX, Version 3.141592653-2.6-1.40.26 (TeX Live 2024/Termux) (preloaded format=pdflatex 2024.12.24)  24 DEC 2024 10:26
entering extended mode
 restricted \write18 enabled.
 %&-line parsing enabled.
**src/makalah.tex
(./src/makalah.tex
LaTeX2e <2024-11-01> patch level 1
L3 programming layer <2024-11-02>

(/data/data/com.termux/files/usr/share/texlive/2024/texmf-dist/tex/latex/base/a
rticle.cls
Document Class: article 2024/06/29 v1.4n Standard LaTeX document class

(/data/data/com.termux/files/usr/share/texlive/2024/texmf-dist/tex/latex/base/s
ize10.clo
File: size10.clo 2024/06/29 v1.4n Standard LaTeX file (size option)
)
\c@part=\count196
\c@section=\count197
\c@subsection=\count198
\c@subsubsection=\count199
\c@paragraph=\count266
\c@subparagraph=\count267
\c@figure=\count268
\c@table=\count269
\abovecaptionskip=\skip49
\belowcaptionskip=\skip50
\bibindent=\dimen141
)
(/data/data/com.termux/files/usr/share/texlive/2024/texmf-dist/tex/latex/base/i
nputenc.sty
Package: inputenc 2024/02/08 v1.3d Input encoding file
\inpenc@prehook=\toks17
\inpenc@posthook=\toks18
)
(/data/data/com.termux/files/usr/share/texlive/2024/texmf-dist/tex/latex/amsmat
h/amsmath.sty
Package: amsmath 2024/11/05 v2.17t AMS math features
\@mathmargin=\skip51

For additional information on amsmath, use the `?' option.

(/data/data/com.termux/files/usr/share/texlive/2024/texmf-dist/tex/latex/amsmat
h/amstext.sty
Package: amstext 2021/08/26 v2.01 AMS text

(/data/data/com.termux/files/usr/share/texlive/2024/texmf-dist/tex/latex/amsmat
h/amsgen.sty
File: amsgen.sty 1999/11/30 v2.0 generic functions
\@emptytoks=\toks19
\ex@=\dimen142
))
(/data/data/com.termux/files/usr/share/texlive/2024/texmf-dist/tex/latex/amsmat
h/amsbsy.sty
Package: amsbsy 1999/11/29 v1.2d Bold Symbols
\pmbraise@=\dimen143
)
(/data/data/com.termux/files/usr/share/texlive/2024/texmf-dist/tex/latex/amsmat
h/amsopn.sty
Package: amsopn 2022/04/08 v2.04 operator names
)
\inf@bad=\count270
LaTeX Info: Redefining \frac on input line 233.
\uproot@=\count271
\leftroot@=\count272
LaTeX Info: Redefining \overline on input line 398.
LaTeX Info: Redefining \colon on input line 409.
\classnum@=\count273
\DOTSCASE@=\count274
LaTeX Info: Redefining \ldots on input line 495.
LaTeX Info: Redefining \dots on input line 498.
LaTeX Info: Redefining \cdots on input line 619.
\Mathstrutbox@=\box52
\strutbox@=\box53
LaTeX Info: Redefining \big on input line 721.
LaTeX Info: Redefining \Big on input line 722.
LaTeX Info: Redefining \bigg on input line 723.
LaTeX Info: Redefining \Bigg on input line 724.
\big@size=\dimen144
LaTeX Font Info:    Redeclaring font encoding OML on input line 742.
LaTeX Font Info:    Redeclaring font encoding OMS on input line 743.
\macc@depth=\count275
LaTeX Info: Redefining \bmod on input line 904.
LaTeX Info: Redefining \pmod on input line 909.
LaTeX Info: Redefining \smash on input line 939.
LaTeX Info: Redefining \relbar on input line 969.
LaTeX Info: Redefining \Relbar on input line 970.
\c@MaxMatrixCols=\count276
\dotsspace@=\muskip17
\c@parentequation=\count277
\dspbrk@lvl=\count278
\tag@help=\toks20
\row@=\count279
\column@=\count280
\maxfields@=\count281
\andhelp@=\toks21
\eqnshift@=\dimen145
\alignsep@=\dimen146
\tagshift@=\dimen147
\tagwidth@=\dimen148
\totwidth@=\dimen149
\lineht@=\dimen150
\@envbody=\toks22
\multlinegap=\skip52
\multlinetaggap=\skip53
\mathdisplay@stack=\toks23
LaTeX Info: Redefining \[ on input line 2953.
LaTeX Info: Redefining \] on input line 2954.
)
(/data/data/com.termux/files/usr/share/texlive/2024/texmf-dist/tex/generic/ulem
/ulem.sty
\UL@box=\box54
\UL@hyphenbox=\box55
\UL@skip=\skip54
\UL@hook=\toks24
\UL@height=\dimen151
\UL@pe=\count282
\UL@pixel=\dimen152
\ULC@box=\box56
Package: ulem 2019/11/18
\ULdepth=\dimen153
)
(/data/data/com.termux/files/usr/share/texlive/2024/texmf-dist/tex/latex/graphi
cs/graphicx.sty
Package: graphicx 2021/09/16 v1.2d Enhanced LaTeX Graphics (DPC,SPQR)

(/data/data/com.termux/files/usr/share/texlive/2024/texmf-dist/tex/latex/graphi
cs/keyval.sty
Package: keyval 2022/05/29 v1.15 key=value parser (DPC)
\KV@toks@=\toks25
)
(/data/data/com.termux/files/usr/share/texlive/2024/texmf-dist/tex/latex/graphi
cs/graphics.sty
Package: graphics 2024/08/06 v1.4g Standard LaTeX Graphics (DPC,SPQR)

(/data/data/com.termux/files/usr/share/texlive/2024/texmf-dist/tex/latex/graphi
cs/trig.sty
Package: trig 2023/12/02 v1.11 sin cos tan (DPC)
)
(/data/data/com.termux/files/usr/share/texlive/2024/texmf-dist/tex/latex/graphi
cs-cfg/graphics.cfg
File: graphics.cfg 2016/06/04 v1.11 sample graphics configuration
)
Package graphics Info: Driver file: pdftex.def on input line 106.

(/data/data/com.termux/files/usr/share/texlive/2024/texmf-dist/tex/latex/graphi
cs-def/pdftex.def
File: pdftex.def 2024/04/13 v1.2c Graphics/color driver for pdftex
))
\Gin@req@height=\dimen154
\Gin@req@width=\dimen155
)
(/data/data/com.termux/files/usr/share/texlive/2024/texmf-dist/tex/latex/geomet
ry/geometry.sty
Package: geometry 2020/01/02 v5.9 Page Geometry

(/data/data/com.termux/files/usr/share/texlive/2024/texmf-dist/tex/generic/ifte
x/ifvtex.sty
Package: ifvtex 2019/10/25 v1.7 ifvtex legacy package. Use iftex instead.

(/data/data/com.termux/files/usr/share/texlive/2024/texmf-dist/tex/generic/ifte
x/iftex.sty
Package: iftex 2024/12/12 v1.0g TeX engine tests
))
\Gm@cnth=\count283
\Gm@cntv=\count284
\c@Gm@tempcnt=\count285
\Gm@bindingoffset=\dimen156
\Gm@wd@mp=\dimen157
\Gm@odd@mp=\dimen158
\Gm@even@mp=\dimen159
\Gm@layoutwidth=\dimen160
\Gm@layoutheight=\dimen161
\Gm@layouthoffset=\dimen162
\Gm@layoutvoffset=\dimen163
\Gm@dimlist=\toks26
)
(/data/data/com.termux/files/usr/share/texlive/2024/texmf-dist/tex/generic/babe
l/babel.sty
Package: babel 2024/12/21 v24.15 The multilingual framework for pdfLaTeX, LuaLa
TeX and XeLaTeX
\babel@savecnt=\count286
\U@D=\dimen164
\l@unhyphenated=\language7

(/data/data/com.termux/files/usr/share/texlive/2024/texmf-dist/tex/generic/babe
l/txtbabel.def)
\bbl@readstream=\read2
\bbl@dirlevel=\count287

(/data/data/com.termux/files/usr/share/texlive/2024/texmf-dist/tex/generic/babe
l-indonesian/indonesian.ldf
Language: indonesian 2017/02/15 v1.0m Bahasa Indonesia support from the babel s
ystem


Package babel Warning: No hyphenation patterns were preloaded for
(babel)                the language 'Bahasa Indonesia' into the format.
(babel)                Please, configure your TeX system to add them and
(babel)                rebuild the format. Now I will use the patterns
(babel)                preloaded for \language=0 instead on input line 58.

Package babel Info: Hyphen rules for 'bahasa' set to \l@english
(babel)             (\language0). Reported on input line 59.
))
(/data/data/com.termux/files/usr/share/texlive/2024/texmf-dist/tex/generic/babe
l/locale/id/babel-indonesian.tex
Package babel Info: Importing font and identification data for indonesian
(babel)             from babel-id.ini. Reported on input line 11.
)
(/data/data/com.termux/files/usr/share/texlive/2024/texmf-dist/tex/latex/xcolor
/xcolor.sty
Package: xcolor 2024/09/29 v3.02 LaTeX color extensions (UK)

(/data/data/com.termux/files/usr/share/texlive/2024/texmf-dist/tex/latex/graphi
cs-cfg/color.cfg
File: color.cfg 2016/01/02 v1.6 sample color configuration
)
Package xcolor Info: Driver file: pdftex.def on input line 274.

(/data/data/com.termux/files/usr/share/texlive/2024/texmf-dist/tex/latex/graphi
cs/mathcolor.ltx)
Package xcolor Info: Model `cmy' substituted by `cmy0' on input line 1349.
Package xcolor Info: Model `hsb' substituted by `rgb' on input line 1353.
Package xcolor Info: Model `RGB' extended on input line 1365.
Package xcolor Info: Model `HTML' substituted by `rgb' on input line 1367.
Package xcolor Info: Model `Hsb' substituted by `hsb' on input line 1368.
Package xcolor Info: Model `tHsb' substituted by `hsb' on input line 1369.
Package xcolor Info: Model `HSB' substituted by `hsb' on input line 1370.
Package xcolor Info: Model `Gray' substituted by `gray' on input line 1371.
Package xcolor Info: Model `wave' substituted by `hsb' on input line 1372.
)
(/data/data/com.termux/files/usr/share/texlive/2024/texmf-dist/tex/latex/hyperr
ef/hyperref.sty
Package: hyperref 2024-11-05 v7.01l Hypertext links for LaTeX

(/data/data/com.termux/files/usr/share/texlive/2024/texmf-dist/tex/latex/kvsetk
eys/kvsetkeys.sty
Package: kvsetkeys 2022-10-05 v1.19 Key value parser (HO)
)
(/data/data/com.termux/files/usr/share/texlive/2024/texmf-dist/tex/generic/kvde
finekeys/kvdefinekeys.sty
Package: kvdefinekeys 2019-12-19 v1.6 Define keys (HO)
)
(/data/data/com.termux/files/usr/share/texlive/2024/texmf-dist/tex/generic/pdfe
scape/pdfescape.sty
Package: pdfescape 2019/12/09 v1.15 Implements pdfTeX's escape features (HO)

(/data/data/com.termux/files/usr/share/texlive/2024/texmf-dist/tex/generic/ltxc
mds/ltxcmds.sty
Package: ltxcmds 2023-12-04 v1.26 LaTeX kernel commands for general use (HO)
)
(/data/data/com.termux/files/usr/share/texlive/2024/texmf-dist/tex/generic/pdft
excmds/pdftexcmds.sty
Package: pdftexcmds 2020-06-27 v0.33 Utility functions of pdfTeX for LuaTeX (HO
)

(/data/data/com.termux/files/usr/share/texlive/2024/texmf-dist/tex/generic/infw
arerr/infwarerr.sty
Package: infwarerr 2019/12/03 v1.5 Providing info/warning/error messages (HO)
)
Package pdftexcmds Info: \pdf@primitive is available.
Package pdftexcmds Info: \pdf@ifprimitive is available.
Package pdftexcmds Info: \pdfdraftmode found.
))
(/data/data/com.termux/files/usr/share/texlive/2024/texmf-dist/tex/latex/hycolo
r/hycolor.sty
Package: hycolor 2020-01-27 v1.10 Color options for hyperref/bookmark (HO)
)
(/data/data/com.termux/files/usr/share/texlive/2024/texmf-dist/tex/latex/hyperr
ef/nameref.sty
Package: nameref 2023-11-26 v2.56 Cross-referencing by name of section

(/data/data/com.termux/files/usr/share/texlive/2024/texmf-dist/tex/latex/refcou
nt/refcount.sty
Package: refcount 2019/12/15 v3.6 Data extraction from label references (HO)
)
(/data/data/com.termux/files/usr/share/texlive/2024/texmf-dist/tex/generic/gett
itlestring/gettitlestring.sty
Package: gettitlestring 2019/12/15 v1.6 Cleanup title references (HO)

(/data/data/com.termux/files/usr/share/texlive/2024/texmf-dist/tex/latex/kvopti
ons/kvoptions.sty
Package: kvoptions 2022-06-15 v3.15 Key value format for package options (HO)
))
\c@section@level=\count288
)
(/data/data/com.termux/files/usr/share/texlive/2024/texmf-dist/tex/latex/etoolb
ox/etoolbox.sty
Package: etoolbox 2020/10/05 v2.5k e-TeX tools for LaTeX (JAW)
\etb@tempcnta=\count289
)
(/data/data/com.termux/files/usr/share/texlive/2024/texmf-dist/tex/generic/stri
ngenc/stringenc.sty
Package: stringenc 2019/11/29 v1.12 Convert strings between diff. encodings (HO
)
)
\@linkdim=\dimen165
\Hy@linkcounter=\count290
\Hy@pagecounter=\count291

(/data/data/com.termux/files/usr/share/texlive/2024/texmf-dist/tex/latex/hyperr
ef/pd1enc.def
File: pd1enc.def 2024-11-05 v7.01l Hyperref: PDFDocEncoding definition (HO)
Now handling font encoding PD1 ...
... no UTF-8 mapping file for font encoding PD1
)
(/data/data/com.termux/files/usr/share/texlive/2024/texmf-dist/tex/generic/intc
alc/intcalc.sty
Package: intcalc 2019/12/15 v1.3 Expandable calculations with integers (HO)
)
\Hy@SavedSpaceFactor=\count292

(/data/data/com.termux/files/usr/share/texlive/2024/texmf-dist/tex/latex/hyperr
ef/puenc.def
File: puenc.def 2024-11-05 v7.01l Hyperref: PDF Unicode definition (HO)
Now handling font encoding PU ...
... no UTF-8 mapping file for font encoding PU
)
Package hyperref Info: Hyper figures OFF on input line 4157.
Package hyperref Info: Link nesting OFF on input line 4162.
Package hyperref Info: Hyper index ON on input line 4165.
Package hyperref Info: Plain pages OFF on input line 4172.
Package hyperref Info: Backreferencing OFF on input line 4177.
Package hyperref Info: Implicit mode ON; LaTeX internals redefined.
Package hyperref Info: Bookmarks ON on input line 4424.
\c@Hy@tempcnt=\count293

(/data/data/com.termux/files/usr/share/texlive/2024/texmf-dist/tex/latex/url/ur
l.sty
\Urlmuskip=\muskip18
Package: url 2013/09/16  ver 3.4  Verb mode for urls, etc.
)
LaTeX Info: Redefining \url on input line 4763.
\XeTeXLinkMargin=\dimen166

(/data/data/com.termux/files/usr/share/texlive/2024/texmf-dist/tex/generic/bits
et/bitset.sty
Package: bitset 2019/12/09 v1.3 Handle bit-vector datatype (HO)

(/data/data/com.termux/files/usr/share/texlive/2024/texmf-dist/tex/generic/bigi
ntcalc/bigintcalc.sty
Package: bigintcalc 2019/12/15 v1.5 Expandable calculations on big integers (HO
)
))
\Fld@menulength=\count294
\Field@Width=\dimen167
\Fld@charsize=\dimen168
Package hyperref Info: Hyper figures OFF on input line 6042.
Package hyperref Info: Link nesting OFF on input line 6047.
Package hyperref Info: Hyper index ON on input line 6050.
Package hyperref Info: backreferencing OFF on input line 6057.
Package hyperref Info: Link coloring OFF on input line 6062.
Package hyperref Info: Link coloring with OCG OFF on input line 6067.
Package hyperref Info: PDF/A mode OFF on input line 6072.

(/data/data/com.termux/files/usr/share/texlive/2024/texmf-dist/tex/latex/base/a
tbegshi-ltx.sty
Package: atbegshi-ltx 2021/01/10 v1.0c Emulation of the original atbegshi
package with kernel methods
)
\Hy@abspage=\count295
\c@Item=\count296
\c@Hfootnote=\count297
)
Package hyperref Info: Driver (autodetected): hpdftex.

(/data/data/com.termux/files/usr/share/texlive/2024/texmf-dist/tex/latex/hyperr
ef/hpdftex.def
File: hpdftex.def 2024-11-05 v7.01l Hyperref driver for pdfTeX

(/data/data/com.termux/files/usr/share/texlive/2024/texmf-dist/tex/latex/base/a
tveryend-ltx.sty
Package: atveryend-ltx 2020/08/19 v1.0a Emulation of the original atveryend pac
kage
with kernel methods
)
\Fld@listcount=\count298
\c@bookmark@seq@number=\count299

(/data/data/com.termux/files/usr/share/texlive/2024/texmf-dist/tex/latex/rerunf
ilecheck/rerunfilecheck.sty
Package: rerunfilecheck 2022-07-10 v1.10 Rerun checks for auxiliary files (HO)

(/data/data/com.termux/files/usr/share/texlive/2024/texmf-dist/tex/generic/uniq
uecounter/uniquecounter.sty
Package: uniquecounter 2019/12/15 v1.4 Provide unlimited unique counter (HO)
)
Package uniquecounter Info: New unique counter `rerunfilecheck' on input line 2
85.
)
\Hy@SectionHShift=\skip55
)
(/data/data/com.termux/files/usr/share/texlive/2024/texmf-dist/tex/latex/toclof
t/tocloft.sty
Package: tocloft 2017/08/31 v2.3i parameterised ToC, etc., typesetting
Package tocloft Info: The document has section divisions on input line 51.
\cftparskip=\skip56
\cftbeforetoctitleskip=\skip57
\cftaftertoctitleskip=\skip58
\cftbeforepartskip=\skip59
\cftpartnumwidth=\skip60
\cftpartindent=\skip61
\cftbeforesecskip=\skip62
\cftsecindent=\skip63
\cftsecnumwidth=\skip64
\cftbeforesubsecskip=\skip65
\cftsubsecindent=\skip66
\cftsubsecnumwidth=\skip67
\cftbeforesubsubsecskip=\skip68
\cftsubsubsecindent=\skip69
\cftsubsubsecnumwidth=\skip70
\cftbeforeparaskip=\skip71
\cftparaindent=\skip72
\cftparanumwidth=\skip73
\cftbeforesubparaskip=\skip74
\cftsubparaindent=\skip75
\cftsubparanumwidth=\skip76
\cftbeforeloftitleskip=\skip77
\cftafterloftitleskip=\skip78
\cftbeforefigskip=\skip79
\cftfigindent=\skip80
\cftfignumwidth=\skip81
\c@lofdepth=\count300
\c@lotdepth=\count301
\cftbeforelottitleskip=\skip82
\cftafterlottitleskip=\skip83
\cftbeforetabskip=\skip84
\cfttabindent=\skip85
\cfttabnumwidth=\skip86
)
(/data/data/com.termux/files/usr/share/texlive/2024/texmf-dist/tex/latex/titlin
g/titling.sty
Package: titling 2009/09/04 v2.1d maketitle typesetting
\thanksmarkwidth=\skip87
\thanksmargin=\skip88
\droptitle=\skip89
)
(/data/data/com.termux/files/usr/share/texlive/2024/texmf-dist/tex/latex/pgf/fr
ontendlayer/tikz.sty
(/data/data/com.termux/files/usr/share/texlive/2024/texmf-dist/tex/latex/pgf/ba
siclayer/pgf.sty
(/data/data/com.termux/files/usr/share/texlive/2024/texmf-dist/tex/latex/pgf/ut
ilities/pgfrcs.sty
(/data/data/com.termux/files/usr/share/texlive/2024/texmf-dist/tex/generic/pgf/
utilities/pgfutil-common.tex
\pgfutil@everybye=\toks27
\pgfutil@tempdima=\dimen169
\pgfutil@tempdimb=\dimen170
)
(/data/data/com.termux/files/usr/share/texlive/2024/texmf-dist/tex/generic/pgf/
utilities/pgfutil-latex.def
\pgfutil@abb=\box57
)
(/data/data/com.termux/files/usr/share/texlive/2024/texmf-dist/tex/generic/pgf/
utilities/pgfrcs.code.tex
(/data/data/com.termux/files/usr/share/texlive/2024/texmf-dist/tex/generic/pgf/
pgf.revision.tex)
Package: pgfrcs 2023-01-15 v3.1.10 (3.1.10)
))
Package: pgf 2023-01-15 v3.1.10 (3.1.10)

(/data/data/com.termux/files/usr/share/texlive/2024/texmf-dist/tex/latex/pgf/ba
siclayer/pgfcore.sty
(/data/data/com.termux/files/usr/share/texlive/2024/texmf-dist/tex/latex/pgf/sy
stemlayer/pgfsys.sty
(/data/data/com.termux/files/usr/share/texlive/2024/texmf-dist/tex/generic/pgf/
systemlayer/pgfsys.code.tex
Package: pgfsys 2023-01-15 v3.1.10 (3.1.10)

(/data/data/com.termux/files/usr/share/texlive/2024/texmf-dist/tex/generic/pgf/
utilities/pgfkeys.code.tex
\pgfkeys@pathtoks=\toks28
\pgfkeys@temptoks=\toks29

(/data/data/com.termux/files/usr/share/texlive/2024/texmf-dist/tex/generic/pgf/
utilities/pgfkeyslibraryfiltered.code.tex
\pgfkeys@tmptoks=\toks30
))
\pgf@x=\dimen171
\pgf@y=\dimen172
\pgf@xa=\dimen173
\pgf@ya=\dimen174
\pgf@xb=\dimen175
\pgf@yb=\dimen176
\pgf@xc=\dimen177
\pgf@yc=\dimen178
\pgf@xd=\dimen179
\pgf@yd=\dimen180
\w@pgf@writea=\write3
\r@pgf@reada=\read3
\c@pgf@counta=\count302
\c@pgf@countb=\count303
\c@pgf@countc=\count304
\c@pgf@countd=\count305
\t@pgf@toka=\toks31
\t@pgf@tokb=\toks32
\t@pgf@tokc=\toks33
\pgf@sys@id@count=\count306

(/data/data/com.termux/files/usr/share/texlive/2024/texmf-dist/tex/generic/pgf/
systemlayer/pgf.cfg
File: pgf.cfg 2023-01-15 v3.1.10 (3.1.10)
)
Driver file for pgf: pgfsys-pdftex.def

(/data/data/com.termux/files/usr/share/texlive/2024/texmf-dist/tex/generic/pgf/
systemlayer/pgfsys-pdftex.def
File: pgfsys-pdftex.def 2023-01-15 v3.1.10 (3.1.10)

(/data/data/com.termux/files/usr/share/texlive/2024/texmf-dist/tex/generic/pgf/
systemlayer/pgfsys-common-pdf.def
File: pgfsys-common-pdf.def 2023-01-15 v3.1.10 (3.1.10)
)))
(/data/data/com.termux/files/usr/share/texlive/2024/texmf-dist/tex/generic/pgf/
systemlayer/pgfsyssoftpath.code.tex
File: pgfsyssoftpath.code.tex 2023-01-15 v3.1.10 (3.1.10)
\pgfsyssoftpath@smallbuffer@items=\count307
\pgfsyssoftpath@bigbuffer@items=\count308
)
(/data/data/com.termux/files/usr/share/texlive/2024/texmf-dist/tex/generic/pgf/
systemlayer/pgfsysprotocol.code.tex
File: pgfsysprotocol.code.tex 2023-01-15 v3.1.10 (3.1.10)
))
(/data/data/com.termux/files/usr/share/texlive/2024/texmf-dist/tex/generic/pgf/
basiclayer/pgfcore.code.tex
Package: pgfcore 2023-01-15 v3.1.10 (3.1.10)

(/data/data/com.termux/files/usr/share/texlive/2024/texmf-dist/tex/generic/pgf/
math/pgfmath.code.tex
(/data/data/com.termux/files/usr/share/texlive/2024/texmf-dist/tex/generic/pgf/
math/pgfmathutil.code.tex)
(/data/data/com.termux/files/usr/share/texlive/2024/texmf-dist/tex/generic/pgf/
math/pgfmathparser.code.tex
\pgfmath@dimen=\dimen181
\pgfmath@count=\count309
\pgfmath@box=\box58
\pgfmath@toks=\toks34
\pgfmath@stack@operand=\toks35
\pgfmath@stack@operation=\toks36
)
(/data/data/com.termux/files/usr/share/texlive/2024/texmf-dist/tex/generic/pgf/
math/pgfmathfunctions.code.tex)
(/data/data/com.termux/files/usr/share/texlive/2024/texmf-dist/tex/generic/pgf/
math/pgfmathfunctions.basic.code.tex)
(/data/data/com.termux/files/usr/share/texlive/2024/texmf-dist/tex/generic/pgf/
math/pgfmathfunctions.trigonometric.code.tex)
(/data/data/com.termux/files/usr/share/texlive/2024/texmf-dist/tex/generic/pgf/
math/pgfmathfunctions.random.code.tex)
(/data/data/com.termux/files/usr/share/texlive/2024/texmf-dist/tex/generic/pgf/
math/pgfmathfunctions.comparison.code.tex)
(/data/data/com.termux/files/usr/share/texlive/2024/texmf-dist/tex/generic/pgf/
math/pgfmathfunctions.base.code.tex)
(/data/data/com.termux/files/usr/share/texlive/2024/texmf-dist/tex/generic/pgf/
math/pgfmathfunctions.round.code.tex)
(/data/data/com.termux/files/usr/share/texlive/2024/texmf-dist/tex/generic/pgf/
math/pgfmathfunctions.misc.code.tex)
(/data/data/com.termux/files/usr/share/texlive/2024/texmf-dist/tex/generic/pgf/
math/pgfmathfunctions.integerarithmetics.code.tex)
(/data/data/com.termux/files/usr/share/texlive/2024/texmf-dist/tex/generic/pgf/
math/pgfmathcalc.code.tex)
(/data/data/com.termux/files/usr/share/texlive/2024/texmf-dist/tex/generic/pgf/
math/pgfmathfloat.code.tex
\c@pgfmathroundto@lastzeros=\count310
))
(/data/data/com.termux/files/usr/share/texlive/2024/texmf-dist/tex/generic/pgf/
math/pgfint.code.tex)
(/data/data/com.termux/files/usr/share/texlive/2024/texmf-dist/tex/generic/pgf/
basiclayer/pgfcorepoints.code.tex
File: pgfcorepoints.code.tex 2023-01-15 v3.1.10 (3.1.10)
\pgf@picminx=\dimen182
\pgf@picmaxx=\dimen183
\pgf@picminy=\dimen184
\pgf@picmaxy=\dimen185
\pgf@pathminx=\dimen186
\pgf@pathmaxx=\dimen187
\pgf@pathminy=\dimen188
\pgf@pathmaxy=\dimen189
\pgf@xx=\dimen190
\pgf@xy=\dimen191
\pgf@yx=\dimen192
\pgf@yy=\dimen193
\pgf@zx=\dimen194
\pgf@zy=\dimen195
)
(/data/data/com.termux/files/usr/share/texlive/2024/texmf-dist/tex/generic/pgf/
basiclayer/pgfcorepathconstruct.code.tex
File: pgfcorepathconstruct.code.tex 2023-01-15 v3.1.10 (3.1.10)
\pgf@path@lastx=\dimen196
\pgf@path@lasty=\dimen197
)
(/data/data/com.termux/files/usr/share/texlive/2024/texmf-dist/tex/generic/pgf/
basiclayer/pgfcorepathusage.code.tex
File: pgfcorepathusage.code.tex 2023-01-15 v3.1.10 (3.1.10)
\pgf@shorten@end@additional=\dimen198
\pgf@shorten@start@additional=\dimen199
)
(/data/data/com.termux/files/usr/share/texlive/2024/texmf-dist/tex/generic/pgf/
basiclayer/pgfcorescopes.code.tex
File: pgfcorescopes.code.tex 2023-01-15 v3.1.10 (3.1.10)
\pgfpic=\box59
\pgf@hbox=\box60
\pgf@layerbox@main=\box61
\pgf@picture@serial@count=\count311
)
(/data/data/com.termux/files/usr/share/texlive/2024/texmf-dist/tex/generic/pgf/
basiclayer/pgfcoregraphicstate.code.tex
File: pgfcoregraphicstate.code.tex 2023-01-15 v3.1.10 (3.1.10)
\pgflinewidth=\dimen256
)
(/data/data/com.termux/files/usr/share/texlive/2024/texmf-dist/tex/generic/pgf/
basiclayer/pgfcoretransformations.code.tex
File: pgfcoretransformations.code.tex 2023-01-15 v3.1.10 (3.1.10)
\pgf@pt@x=\dimen257
\pgf@pt@y=\dimen258
\pgf@pt@temp=\dimen259
)
(/data/data/com.termux/files/usr/share/texlive/2024/texmf-dist/tex/generic/pgf/
basiclayer/pgfcorequick.code.tex
File: pgfcorequick.code.tex 2023-01-15 v3.1.10 (3.1.10)
)
(/data/data/com.termux/files/usr/share/texlive/2024/texmf-dist/tex/generic/pgf/
basiclayer/pgfcoreobjects.code.tex
File: pgfcoreobjects.code.tex 2023-01-15 v3.1.10 (3.1.10)
)
(/data/data/com.termux/files/usr/share/texlive/2024/texmf-dist/tex/generic/pgf/
basiclayer/pgfcorepathprocessing.code.tex
File: pgfcorepathprocessing.code.tex 2023-01-15 v3.1.10 (3.1.10)
)
(/data/data/com.termux/files/usr/share/texlive/2024/texmf-dist/tex/generic/pgf/
basiclayer/pgfcorearrows.code.tex
File: pgfcorearrows.code.tex 2023-01-15 v3.1.10 (3.1.10)
\pgfarrowsep=\dimen260
)
(/data/data/com.termux/files/usr/share/texlive/2024/texmf-dist/tex/generic/pgf/
basiclayer/pgfcoreshade.code.tex
File: pgfcoreshade.code.tex 2023-01-15 v3.1.10 (3.1.10)
\pgf@max=\dimen261
\pgf@sys@shading@range@num=\count312
\pgf@shadingcount=\count313
)
(/data/data/com.termux/files/usr/share/texlive/2024/texmf-dist/tex/generic/pgf/
basiclayer/pgfcoreimage.code.tex
File: pgfcoreimage.code.tex 2023-01-15 v3.1.10 (3.1.10)
)
(/data/data/com.termux/files/usr/share/texlive/2024/texmf-dist/tex/generic/pgf/
basiclayer/pgfcoreexternal.code.tex
File: pgfcoreexternal.code.tex 2023-01-15 v3.1.10 (3.1.10)
\pgfexternal@startupbox=\box62
)
(/data/data/com.termux/files/usr/share/texlive/2024/texmf-dist/tex/generic/pgf/
basiclayer/pgfcorelayers.code.tex
File: pgfcorelayers.code.tex 2023-01-15 v3.1.10 (3.1.10)
)
(/data/data/com.termux/files/usr/share/texlive/2024/texmf-dist/tex/generic/pgf/
basiclayer/pgfcoretransparency.code.tex
File: pgfcoretransparency.code.tex 2023-01-15 v3.1.10 (3.1.10)
)
(/data/data/com.termux/files/usr/share/texlive/2024/texmf-dist/tex/generic/pgf/
basiclayer/pgfcorepatterns.code.tex
File: pgfcorepatterns.code.tex 2023-01-15 v3.1.10 (3.1.10)
)
(/data/data/com.termux/files/usr/share/texlive/2024/texmf-dist/tex/generic/pgf/
basiclayer/pgfcorerdf.code.tex
File: pgfcorerdf.code.tex 2023-01-15 v3.1.10 (3.1.10)
)))
(/data/data/com.termux/files/usr/share/texlive/2024/texmf-dist/tex/generic/pgf/
modules/pgfmoduleshapes.code.tex
File: pgfmoduleshapes.code.tex 2023-01-15 v3.1.10 (3.1.10)
\pgfnodeparttextbox=\box63
)
(/data/data/com.termux/files/usr/share/texlive/2024/texmf-dist/tex/generic/pgf/
modules/pgfmoduleplot.code.tex
File: pgfmoduleplot.code.tex 2023-01-15 v3.1.10 (3.1.10)
)
(/data/data/com.termux/files/usr/share/texlive/2024/texmf-dist/tex/latex/pgf/co
mpatibility/pgfcomp-version-0-65.sty
Package: pgfcomp-version-0-65 2023-01-15 v3.1.10 (3.1.10)
\pgf@nodesepstart=\dimen262
\pgf@nodesepend=\dimen263
)
(/data/data/com.termux/files/usr/share/texlive/2024/texmf-dist/tex/latex/pgf/co
mpatibility/pgfcomp-version-1-18.sty
Package: pgfcomp-version-1-18 2023-01-15 v3.1.10 (3.1.10)
))
(/data/data/com.termux/files/usr/share/texlive/2024/texmf-dist/tex/latex/pgf/ut
ilities/pgffor.sty
(/data/data/com.termux/files/usr/share/texlive/2024/texmf-dist/tex/latex/pgf/ut
ilities/pgfkeys.sty
(/data/data/com.termux/files/usr/share/texlive/2024/texmf-dist/tex/generic/pgf/
utilities/pgfkeys.code.tex))
(/data/data/com.termux/files/usr/share/texlive/2024/texmf-dist/tex/latex/pgf/ma
th/pgfmath.sty
(/data/data/com.termux/files/usr/share/texlive/2024/texmf-dist/tex/generic/pgf/
math/pgfmath.code.tex))
(/data/data/com.termux/files/usr/share/texlive/2024/texmf-dist/tex/generic/pgf/
utilities/pgffor.code.tex
Package: pgffor 2023-01-15 v3.1.10 (3.1.10)
\pgffor@iter=\dimen264
\pgffor@skip=\dimen265
\pgffor@stack=\toks37
\pgffor@toks=\toks38
))
(/data/data/com.termux/files/usr/share/texlive/2024/texmf-dist/tex/generic/pgf/
frontendlayer/tikz/tikz.code.tex
Package: tikz 2023-01-15 v3.1.10 (3.1.10)

(/data/data/com.termux/files/usr/share/texlive/2024/texmf-dist/tex/generic/pgf/
libraries/pgflibraryplothandlers.code.tex
File: pgflibraryplothandlers.code.tex 2023-01-15 v3.1.10 (3.1.10)
\pgf@plot@mark@count=\count314
\pgfplotmarksize=\dimen266
)
\tikz@lastx=\dimen267
\tikz@lasty=\dimen268
\tikz@lastxsaved=\dimen269
\tikz@lastysaved=\dimen270
\tikz@lastmovetox=\dimen271
\tikz@lastmovetoy=\dimen272
\tikzleveldistance=\dimen273
\tikzsiblingdistance=\dimen274
\tikz@figbox=\box64
\tikz@figbox@bg=\box65
\tikz@tempbox=\box66
\tikz@tempbox@bg=\box67
\tikztreelevel=\count315
\tikznumberofchildren=\count316
\tikznumberofcurrentchild=\count317
\tikz@fig@count=\count318

(/data/data/com.termux/files/usr/share/texlive/2024/texmf-dist/tex/generic/pgf/
modules/pgfmodulematrix.code.tex
File: pgfmodulematrix.code.tex 2023-01-15 v3.1.10 (3.1.10)
\pgfmatrixcurrentrow=\count319
\pgfmatrixcurrentcolumn=\count320
\pgf@matrix@numberofcolumns=\count321
)
\tikz@expandcount=\count322

(/data/data/com.termux/files/usr/share/texlive/2024/texmf-dist/tex/generic/pgf/
frontendlayer/tikz/libraries/tikzlibrarytopaths.code.tex
File: tikzlibrarytopaths.code.tex 2023-01-15 v3.1.10 (3.1.10)
)))
(/data/data/com.termux/files/usr/share/texlive/2024/texmf-dist/tex/generic/pgf/
frontendlayer/tikz/libraries/tikzlibrarycalc.code.tex
File: tikzlibrarycalc.code.tex 2023-01-15 v3.1.10 (3.1.10)
)
(/data/data/com.termux/files/usr/share/texlive/2024/texmf-dist/tex/latex/l3pack
ages/xparse/xparse.sty
(/data/data/com.termux/files/usr/share/texlive/2024/texmf-dist/tex/latex/l3kern
el/expl3.sty
Package: expl3 2024-11-02 L3 programming layer (loader) 

(/data/data/com.termux/files/usr/share/texlive/2024/texmf-dist/tex/latex/l3back
end/l3backend-pdftex.def
File: l3backend-pdftex.def 2024-05-08 L3 backend support: PDF output (pdfTeX)
\l__color_backend_stack_int=\count323
\l__pdf_internal_box=\box68
))
Package: xparse 2024-08-16 L3 Experimental document command parser
)
(/data/data/com.termux/files/usr/share/texlive/2024/texmf-dist/tex/latex/mfirst
uc/mfirstuc.sty
Package: mfirstuc 2022/10/14 v2.08 (NLCT)
\@glsmfirst=\toks39
\@glsmrest=\toks40
) (out/makalah.aux)
\openout1 = `makalah.aux'.

LaTeX Font Info:    Checking defaults for OML/cmm/m/it on input line 79.
LaTeX Font Info:    ... okay on input line 79.
LaTeX Font Info:    Checking defaults for OMS/cmsy/m/n on input line 79.
LaTeX Font Info:    ... okay on input line 79.
LaTeX Font Info:    Checking defaults for OT1/cmr/m/n on input line 79.
LaTeX Font Info:    ... okay on input line 79.
LaTeX Font Info:    Checking defaults for T1/cmr/m/n on input line 79.
LaTeX Font Info:    ... okay on input line 79.
LaTeX Font Info:    Checking defaults for TS1/cmr/m/n on input line 79.
LaTeX Font Info:    ... okay on input line 79.
LaTeX Font Info:    Checking defaults for OMX/cmex/m/n on input line 79.
LaTeX Font Info:    ... okay on input line 79.
LaTeX Font Info:    Checking defaults for U/cmr/m/n on input line 79.
LaTeX Font Info:    ... okay on input line 79.
LaTeX Font Info:    Checking defaults for PD1/pdf/m/n on input line 79.
LaTeX Font Info:    ... okay on input line 79.
LaTeX Font Info:    Checking defaults for PU/pdf/m/n on input line 79.
LaTeX Font Info:    ... okay on input line 79.

(/data/data/com.termux/files/usr/share/texlive/2024/texmf-dist/tex/context/base
/mkii/supp-pdf.mkii
[Loading MPS to PDF converter (version 2006.09.02).]
\scratchcounter=\count324
\scratchdimen=\dimen275
\scratchbox=\box69
\nofMPsegments=\count325
\nofMParguments=\count326
\everyMPshowfont=\toks41
\MPscratchCnt=\count327
\MPscratchDim=\dimen276
\MPnumerator=\count328
\makeMPintoPDFobject=\count329
\everyMPtoPDFconversion=\toks42
)
(/data/data/com.termux/files/usr/share/texlive/2024/texmf-dist/tex/latex/epstop
df-pkg/epstopdf-base.sty
Package: epstopdf-base 2020-01-24 v2.11 Base part for package epstopdf
Package epstopdf-base Info: Redefining graphics rule for `.eps' on input line 4
85.

(/data/data/com.termux/files/usr/share/texlive/2024/texmf-dist/tex/latex/latexc
onfig/epstopdf-sys.cfg
File: epstopdf-sys.cfg 2010/07/13 v1.3 Configuration of (r)epstopdf for TeX Liv
e
))
*geometry* driver: auto-detecting
*geometry* detected driver: pdftex
*geometry* verbose mode - [ preamble ] result:
* driver: pdftex
* paper: a4paper
* layout: <same size as paper>
* layoutoffset:(h,v)=(0.0pt,0.0pt)
* modes: 
* h-part:(L,W,R)=(71.13188pt, 455.24411pt, 71.13188pt)
* v-part:(T,H,B)=(85.35826pt, 674.33032pt, 85.35826pt)
* \paperwidth=597.50787pt
* \paperheight=845.04684pt
* \textwidth=455.24411pt
* \textheight=674.33032pt
* \oddsidemargin=-1.1381pt
* \evensidemargin=-1.1381pt
* \topmargin=-23.91173pt
* \headheight=12.0pt
* \headsep=25.0pt
* \topskip=10.0pt
* \footskip=30.0pt
* \marginparwidth=57.0pt
* \marginparsep=11.0pt
* \columnsep=10.0pt
* \skip\footins=9.0pt plus 4.0pt minus 2.0pt
* \hoffset=0.0pt
* \voffset=0.0pt
* \mag=1000
* \@twocolumnfalse
* \@twosidefalse
* \@mparswitchfalse
* \@reversemarginfalse
* (1in=72.27pt=25.4mm, 1cm=28.453pt)

Package hyperref Info: Link coloring OFF on input line 79.
(out/makalah.out) (out/makalah.out)
\@outlinefile=\write4
\openout4 = `makalah.out'.

<resources/logo-univ.png, id=43, 385.44pt x 385.44pt>
File: resources/logo-univ.png Graphic file (type png)
<use resources/logo-univ.png>
Package pdftex.def Info: resources/logo-univ.png  used on input line 85.
(pdftex.def)             Requested size: 273.14923pt x 273.14676pt.


[1



pdfTeX warning: pdflatex (file pdftex.map): cannot open font map file
 <./resources/logo-univ.png>] (out/makalah.toc)
\tf@toc=\write5
\openout5 = `makalah.toc'.



[1]

[2]

[3]

[4]

[5] (out/makalah.aux)
 ***********
LaTeX2e <2024-11-01> patch level 1
L3 programming layer <2024-11-02>
 ***********
Package rerunfilecheck Info: File `makalah.out' has not changed.
(rerunfilecheck)             Checksum: C1C2B376E2A683FBED36A7A8928CE5A6;1004.
 ) 
Here is how much of TeX's memory you used:
 21907 strings out of 475247
 415649 string characters out of 5764655
 795249 words of memory out of 5000000
 44421 multiletter control sequences out of 15000+600000
 564486 words of font info for 59 fonts, out of 8000000 for 9000
 36 hyphenation exceptions out of 8191
 84i,15n,87p,1215b,467s stack positions out of 10000i,1000n,20000p,200000b,200000s
 </data/data/com.termux/files/usr/share/texlive/2024/texmf-dist/fonts/pk/ljfo
ur/public/cm/dpi600/cmr10.pk> </data/data/com.termux/files/usr/share/texlive/20
24/texmf-dist/fonts/pk/ljfour/public/cm/dpi600/cmbx10.pk> </data/data/com.termu
x/files/home/.texlive2024/texmf-var/fonts/pk/ljfour/public/cm/cmbx12.720pk> </d
ata/data/com.termux/files/home/.texlive2024/texmf-var/fonts/pk/ljfour/public/cm
/cmbx12.600pk> </data/data/com.termux/files/usr/share/texlive/2024/texmf-dist/f
onts/pk/ljfour/public/cm/dpi600/cmr12.pk> </data/data/com.termux/files/home/.te
xlive2024/texmf-var/fonts/pk/ljfour/public/cm/cmbx12.864pk>
Output written on out/makalah.pdf (6 pages, 68672 bytes).
PDF statistics:
 283 PDF objects out of 1000 (max. 8388607)
 103 compressed objects within 2 object streams
 17 named destinations out of 1000 (max. 500000)
 90 words of extra memory for PDF output out of 10000 (max. 10000000)

